<?xml version="1.0" encoding="UTF-8"?>
<testsuite xmlns:xsi="http://www.w3.org/2001/XMLSchema-instance" xsi:noNamespaceSchemaLocation="https://maven.apache.org/surefire/maven-surefire-plugin/xsd/surefire-test-report-3.0.xsd" version="3.0" name="validation.AddAssignmentTest" time="0.024" tests="10" errors="0" skipped="0" failures="0">
  <properties>
[...]
</properties>
  <testcase name="testcase2_TestInvalidAssignment_NullId_ShouldThrowError" classname="validation.AddAssignmentTest" time="0.009"/>
  <testcase name="tc3_TestInvalidAssignment_NullDescription_ShouldThrowError" classname="validation.AddAssignmentTest" time="0.001"/>
  <testcase name="tc8_TestInvalidAssignment_EmptyDescription_ShouldThrowError" classname="validation.AddAssignmentTest" time="0.001"/>
  <testcase name="tc4_TestInvalidAssignment_StartlineGreaterThanDeadline_ShouldThrowError" classname="validation.AddAssignmentTest" time="0.001"/>
  <testcase name="testcase1_TestValidAssignment_ShouldWork" classname="validation.AddAssignmentTest" time="0.001"/>
  <testcase name="tc5_TestInvalidAssignment_InvalidStartline_ShouldThrowError" classname="validation.AddAssignmentTest" time="0"/>
  <testcase name="tc6_testInvalidAssignment_DuplicateId_ShouldThrowError" classname="validation.AddAssignmentTest" time="0.001"/>
  <testcase name="tc7_TestInvalidAssignment_EmptyId_ShouldThrowError" classname="validation.AddAssignmentTest" time="0.001"/>
  <testcase name="tc10_TestInvalidAssignment_InvalidDeadline_ShouldThrowError" classname="validation.AddAssignmentTest" time="0"/>
  <testcase name="tc9_TestInvalidAssignment_InvalidDeadline_ShouldThrowError" classname="validation.AddAssignmentTest" time="0"/>
</testsuite>