<?xml version="1.0" encoding="UTF-8"?>
<testsuite xmlns:xsi="http://www.w3.org/2001/XMLSchema-instance" xsi:noNamespaceSchemaLocation="https://maven.apache.org/surefire/maven-surefire-plugin/xsd/surefire-test-report-3.0.xsd" version="3.0" name="validation.AddStudentTest" time="0.035" tests="26" errors="0" skipped="0" failures="0">
  <properties>
[...]
</properties>
  <testcase name="testTeacher100" classname="validation.AddStudentTest" time="0.01"/>
  <testcase name="testTeacherA99" classname="validation.AddStudentTest" time="0.001"/>
  <testcase name="testTeacherAbc" classname="validation.AddStudentTest" time="0"/>
  <testcase name="testValidEntity_shouldWork" classname="validation.AddStudentTest" time="0"/>
  <testcase name="testIdMaxMinus1" classname="validation.AddStudentTest" time="0.001"/>
  <testcase name="testInvalidNameLengthMin_shouldThrowError" classname="validation.AddStudentTest" time="0.001"/>
  <testcase name="testId0" classname="validation.AddStudentTest" time="0"/>
  <testcase name="testId2" classname="validation.AddStudentTest" time="0.001"/>
  <testcase name="testIdMax" classname="validation.AddStudentTest" time="0"/>
  <testcase name="testInvalidTeacherLengthMin_shouldThrowError" classname="validation.AddStudentTest" time="0"/>
  <testcase name="testInvalidNameLengthMax_shouldThrowError" classname="validation.AddStudentTest" time="0.001"/>
  <testcase name="testGroupMaxPlus1" classname="validation.AddStudentTest" time="0"/>
  <testcase name="testTeacherAb" classname="validation.AddStudentTest" time="0.001"/>
  <testcase name="testInvalidTeacherLengthMax_shouldThrowError" classname="validation.AddStudentTest" time="0"/>
  <testcase name="testInvalidEmail_shouldThrowError" classname="validation.AddStudentTest" time="0"/>
  <testcase name="testIdMaxPlusOne" classname="validation.AddStudentTest" time="0.001"/>
  <testcase name="testDuplicateEntity_shouldThrowError" classname="validation.AddStudentTest" time="0"/>
  <testcase name="testGroupMax" classname="validation.AddStudentTest" time="0"/>
  <testcase name="testName100" classname="validation.AddStudentTest" time="0"/>
  <testcase name="testNameA99" classname="validation.AddStudentTest" time="0"/>
  <testcase name="testNameAbc" classname="validation.AddStudentTest" time="0.001"/>
  <testcase name="testGroup0" classname="validation.AddStudentTest" time="0.001"/>
  <testcase name="testGroup1" classname="validation.AddStudentTest" time="0"/>
  <testcase name="testGroup2" classname="validation.AddStudentTest" time="0.001"/>
  <testcase name="testGroupMaxMinus1" classname="validation.AddStudentTest" time="0"/>
  <testcase name="testNameAb" classname="validation.AddStudentTest" time="0"/>
</testsuite>