<?xml version="1.0" encoding="UTF-8"?><testsuite errors="0" failures="0" name="ssvv.features.search.SearchByKeywordStory" skipped="0" tests="4" time="25.05" timestamp="2022-05-08 08:42:36"><testcase classname="ssvv.features.search.SearchByKeywordStory" name="Searching by keyword hitler should contain image"/><testcase classname="ssvv.features.search.SearchByKeywordStory" name="Searching by keyword banana should display the corresponding article"/><testcase classname="ssvv.features.search.SearchByKeywordStory" name="Searching by keyword student should display definition"/><testcase classname="ssvv.features.search.SearchByKeywordStory" name="Searching by keyword apple should display the corresponding article"/></testsuite>